<?xml version="1.0" encoding="UTF-8"?>
<!-- Generated by org.testng.reporters.JUnitReportReporter -->
<testsuite hostname="Khoa-THINK" name="com.comsysto.labs.LongtitudeLatitudeDistanceCal" tests="1" failures="0" timestamp="7 Nov 2014 09:38:20 GMT" time="0.010" errors="0">
  <testcase name="testLongtitudeByMile" time="0.010" classname="com.comsysto.labs.LongtitudeLatitudeDistanceCal"/>
</testsuite> <!-- com.comsysto.labs.LongtitudeLatitudeDistanceCal -->
