<?xml version="1.0" encoding="UTF-8"?>
<!-- Generated by org.testng.reporters.JUnitReportReporter -->
<testsuite hostname="Khoa-THINK" name="com.locationcast.repository.LocationRepositoryTest" tests="2" failures="0" timestamp="21 Nov 2014 23:23:29 GMT" time="0.047" errors="0">
  <testcase name="testLocationAndTopicQueries" time="0.009" classname="com.locationcast.repository.LocationRepositoryTest"/>
  <testcase name="testQueryForMaxDistanceInMile" time="0.038" classname="com.locationcast.repository.LocationRepositoryTest"/>
</testsuite> <!-- com.locationcast.repository.LocationRepositoryTest -->
